  [1m[36m (1.1ms)[0m  [1mCREATE TABLE "schema_migrations" ("version" varchar(255) NOT NULL) [0m
  [1m[35m (0.7ms)[0m  CREATE UNIQUE INDEX "unique_schema_migrations" ON "schema_migrations" ("version")
  [1m[36mActiveRecord::SchemaMigration Load (0.1ms)[0m  [1mSELECT "schema_migrations".* FROM "schema_migrations"[0m
Migrating to CreateMessages (20140627235411)
  [1m[35m (0.0ms)[0m  begin transaction
  [1m[36m (0.2ms)[0m  [1mCREATE TABLE "messages" ("id" INTEGER PRIMARY KEY AUTOINCREMENT NOT NULL, "content" text, "created_at" datetime, "updated_at" datetime) [0m
  [1m[35mSQL (0.1ms)[0m  INSERT INTO "schema_migrations" ("version") VALUES (?)  [["version", "20140627235411"]]
  [1m[36m (0.7ms)[0m  [1mcommit transaction[0m
  [1m[35mActiveRecord::SchemaMigration Load (0.1ms)[0m  SELECT "schema_migrations".* FROM "schema_migrations"


Started GET "/messages" for 127.0.0.1 at 2014-06-27 19:56:52 -0400
  [1m[36mActiveRecord::SchemaMigration Load (0.1ms)[0m  [1mSELECT "schema_migrations".* FROM "schema_migrations"[0m
Processing by MessagesController#index as HTML
  [1m[35mMessage Load (0.3ms)[0m  SELECT "messages".* FROM "messages"
  Rendered collection (0.0ms)
  Rendered messages/index.html.erb within layouts/application (12.5ms)
Completed 200 OK in 363ms (Views: 348.7ms | ActiveRecord: 0.5ms)


Started GET "/assets/application.css?body=1" for 127.0.0.1 at 2014-06-27 19:56:52 -0400


Started GET "/assets/messages.scss.css?body=1" for 127.0.0.1 at 2014-06-27 19:56:52 -0400


Started GET "/assets/jquery_ujs.js?body=1" for 127.0.0.1 at 2014-06-27 19:56:52 -0400


Started GET "/assets/turbolinks.js?body=1" for 127.0.0.1 at 2014-06-27 19:56:52 -0400


Started GET "/assets/jquery.js?body=1" for 127.0.0.1 at 2014-06-27 19:56:52 -0400


Started GET "/assets/messages.js?body=1" for 127.0.0.1 at 2014-06-27 19:56:52 -0400


Started GET "/assets/application.js?body=1" for 127.0.0.1 at 2014-06-27 19:56:52 -0400


Started POST "/messages" for 127.0.0.1 at 2014-06-27 19:56:58 -0400
Processing by MessagesController#create as JS
  Parameters: {"utf8"=>"✓", "message"=>{"content"=>"asdfsdf"}, "commit"=>"Send"}
Completed 500 Internal Server Error in 1ms

ActiveModel::ForbiddenAttributesError (ActiveModel::ForbiddenAttributesError):
  app/controllers/messages_controller.rb:8:in `create'


  Rendered /Users/stevenspiel/.rvm/gems/ruby-2.1.0/gems/actionpack-4.0.3/lib/action_dispatch/middleware/templates/rescues/_source.erb (0.5ms)
  Rendered /Users/stevenspiel/.rvm/gems/ruby-2.1.0/gems/actionpack-4.0.3/lib/action_dispatch/middleware/templates/rescues/_trace.erb (2.1ms)
  Rendered /Users/stevenspiel/.rvm/gems/ruby-2.1.0/gems/actionpack-4.0.3/lib/action_dispatch/middleware/templates/rescues/_request_and_response.erb (0.9ms)
  Rendered /Users/stevenspiel/.rvm/gems/ruby-2.1.0/gems/actionpack-4.0.3/lib/action_dispatch/middleware/templates/rescues/diagnostics.erb within rescues/layout (15.2ms)


Started GET "/messages" for 127.0.0.1 at 2014-06-27 19:57:16 -0400
Processing by MessagesController#index as HTML
  [1m[36mMessage Load (0.3ms)[0m  [1mSELECT "messages".* FROM "messages"[0m
  Rendered collection (0.0ms)
  Rendered messages/index.html.erb within layouts/application (2.8ms)
Completed 200 OK in 7ms (Views: 5.8ms | ActiveRecord: 0.3ms)


Started GET "/assets/application.css?body=1" for 127.0.0.1 at 2014-06-27 19:57:16 -0400


Started GET "/assets/jquery.js?body=1" for 127.0.0.1 at 2014-06-27 19:57:16 -0400


Started GET "/assets/jquery_ujs.js?body=1" for 127.0.0.1 at 2014-06-27 19:57:16 -0400


Started GET "/assets/messages.scss.css?body=1" for 127.0.0.1 at 2014-06-27 19:57:16 -0400


Started GET "/assets/turbolinks.js?body=1" for 127.0.0.1 at 2014-06-27 19:57:16 -0400


Started GET "/assets/messages.js?body=1" for 127.0.0.1 at 2014-06-27 19:57:16 -0400


Started GET "/assets/application.js?body=1" for 127.0.0.1 at 2014-06-27 19:57:16 -0400


Started GET "/messages" for 127.0.0.1 at 2014-06-27 19:57:50 -0400
Processing by MessagesController#index as HTML
  [1m[35mMessage Load (0.1ms)[0m  SELECT "messages".* FROM "messages"
  Rendered collection (0.0ms)
  Rendered messages/index.html.erb within layouts/application (1.3ms)
Completed 200 OK in 30ms (Views: 21.5ms | ActiveRecord: 0.1ms)


Started GET "/assets/application.css?body=1" for 127.0.0.1 at 2014-06-27 19:57:50 -0400


Started GET "/assets/messages.scss.css?body=1" for 127.0.0.1 at 2014-06-27 19:57:50 -0400


Started GET "/assets/jquery.js?body=1" for 127.0.0.1 at 2014-06-27 19:57:50 -0400


Started GET "/assets/jquery_ujs.js?body=1" for 127.0.0.1 at 2014-06-27 19:57:50 -0400


Started GET "/assets/turbolinks.js?body=1" for 127.0.0.1 at 2014-06-27 19:57:50 -0400


Started GET "/assets/private_pub.js?body=1" for 127.0.0.1 at 2014-06-27 19:57:50 -0400


Started GET "/assets/messages.js?body=1" for 127.0.0.1 at 2014-06-27 19:57:50 -0400


Started GET "/assets/application.js?body=1" for 127.0.0.1 at 2014-06-27 19:57:50 -0400


Started POST "/messages" for 127.0.0.1 at 2014-06-27 19:57:52 -0400
Processing by MessagesController#create as JS
  Parameters: {"utf8"=>"✓", "message"=>{"content"=>"asdfsdf"}, "commit"=>"Send"}
Completed 500 Internal Server Error in 1ms

ActiveModel::ForbiddenAttributesError (ActiveModel::ForbiddenAttributesError):
  app/controllers/messages_controller.rb:8:in `create'


  Rendered /Users/stevenspiel/.rvm/gems/ruby-2.1.0/gems/actionpack-4.0.3/lib/action_dispatch/middleware/templates/rescues/_source.erb (0.4ms)
  Rendered /Users/stevenspiel/.rvm/gems/ruby-2.1.0/gems/actionpack-4.0.3/lib/action_dispatch/middleware/templates/rescues/_trace.erb (0.9ms)
  Rendered /Users/stevenspiel/.rvm/gems/ruby-2.1.0/gems/actionpack-4.0.3/lib/action_dispatch/middleware/templates/rescues/_request_and_response.erb (0.9ms)
  Rendered /Users/stevenspiel/.rvm/gems/ruby-2.1.0/gems/actionpack-4.0.3/lib/action_dispatch/middleware/templates/rescues/diagnostics.erb within rescues/layout (10.4ms)


Started GET "/" for 127.0.0.1 at 2014-06-27 19:58:36 -0400
Processing by MessagesController#index as HTML
  [1m[36mMessage Load (0.2ms)[0m  [1mSELECT "messages".* FROM "messages"[0m
  Rendered collection (0.0ms)
  Rendered messages/index.html.erb within layouts/application (1.7ms)
Completed 200 OK in 6ms (Views: 5.4ms | ActiveRecord: 0.2ms)


Started GET "/assets/application.css?body=1" for 127.0.0.1 at 2014-06-27 19:58:36 -0400


Started GET "/assets/messages.scss.css?body=1" for 127.0.0.1 at 2014-06-27 19:58:36 -0400


Started GET "/assets/jquery.js?body=1" for 127.0.0.1 at 2014-06-27 19:58:36 -0400


Started GET "/assets/jquery_ujs.js?body=1" for 127.0.0.1 at 2014-06-27 19:58:36 -0400


Started GET "/assets/private_pub.js?body=1" for 127.0.0.1 at 2014-06-27 19:58:36 -0400


Started GET "/assets/turbolinks.js?body=1" for 127.0.0.1 at 2014-06-27 19:58:36 -0400


Started GET "/assets/messages.js?body=1" for 127.0.0.1 at 2014-06-27 19:58:36 -0400


Started GET "/assets/application.js?body=1" for 127.0.0.1 at 2014-06-27 19:58:36 -0400


Started GET "/" for 127.0.0.1 at 2014-06-27 19:58:38 -0400
Processing by MessagesController#index as HTML
  [1m[35mMessage Load (0.1ms)[0m  SELECT "messages".* FROM "messages"
  Rendered collection (0.0ms)
  Rendered messages/index.html.erb within layouts/application (1.3ms)
Completed 200 OK in 5ms (Views: 4.3ms | ActiveRecord: 0.1ms)


Started GET "/assets/application.css?body=1" for 127.0.0.1 at 2014-06-27 19:58:38 -0400


Started GET "/assets/messages.scss.css?body=1" for 127.0.0.1 at 2014-06-27 19:58:38 -0400


Started GET "/assets/jquery.js?body=1" for 127.0.0.1 at 2014-06-27 19:58:38 -0400


Started GET "/assets/jquery_ujs.js?body=1" for 127.0.0.1 at 2014-06-27 19:58:38 -0400


Started GET "/assets/private_pub.js?body=1" for 127.0.0.1 at 2014-06-27 19:58:38 -0400


Started GET "/assets/turbolinks.js?body=1" for 127.0.0.1 at 2014-06-27 19:58:38 -0400


Started GET "/assets/messages.js?body=1" for 127.0.0.1 at 2014-06-27 19:58:38 -0400


Started GET "/assets/application.js?body=1" for 127.0.0.1 at 2014-06-27 19:58:38 -0400


Started POST "/messages" for 127.0.0.1 at 2014-06-27 19:59:10 -0400
Processing by MessagesController#create as JS
  Parameters: {"utf8"=>"✓", "message"=>{"content"=>"asdfsdf"}, "commit"=>"Send"}
Completed 500 Internal Server Error in 1ms

ActiveModel::ForbiddenAttributesError (ActiveModel::ForbiddenAttributesError):
  app/controllers/messages_controller.rb:8:in `create'


  Rendered /Users/stevenspiel/.rvm/gems/ruby-2.1.0/gems/actionpack-4.0.3/lib/action_dispatch/middleware/templates/rescues/_source.erb (0.6ms)
  Rendered /Users/stevenspiel/.rvm/gems/ruby-2.1.0/gems/actionpack-4.0.3/lib/action_dispatch/middleware/templates/rescues/_trace.erb (1.2ms)
  Rendered /Users/stevenspiel/.rvm/gems/ruby-2.1.0/gems/actionpack-4.0.3/lib/action_dispatch/middleware/templates/rescues/_request_and_response.erb (0.7ms)
  Rendered /Users/stevenspiel/.rvm/gems/ruby-2.1.0/gems/actionpack-4.0.3/lib/action_dispatch/middleware/templates/rescues/diagnostics.erb within rescues/layout (10.9ms)


Started POST "/messages" for 127.0.0.1 at 2014-06-27 19:59:23 -0400
Processing by MessagesController#create as JS
  Parameters: {"utf8"=>"✓", "message"=>{"content"=>"a"}, "commit"=>"Send"}
Completed 500 Internal Server Error in 1ms

ActiveModel::ForbiddenAttributesError (ActiveModel::ForbiddenAttributesError):
  app/controllers/messages_controller.rb:8:in `create'


  Rendered /Users/stevenspiel/.rvm/gems/ruby-2.1.0/gems/actionpack-4.0.3/lib/action_dispatch/middleware/templates/rescues/_source.erb (0.4ms)
  Rendered /Users/stevenspiel/.rvm/gems/ruby-2.1.0/gems/actionpack-4.0.3/lib/action_dispatch/middleware/templates/rescues/_trace.erb (0.9ms)
  Rendered /Users/stevenspiel/.rvm/gems/ruby-2.1.0/gems/actionpack-4.0.3/lib/action_dispatch/middleware/templates/rescues/_request_and_response.erb (0.7ms)
  Rendered /Users/stevenspiel/.rvm/gems/ruby-2.1.0/gems/actionpack-4.0.3/lib/action_dispatch/middleware/templates/rescues/diagnostics.erb within rescues/layout (9.9ms)


Started POST "/messages" for 127.0.0.1 at 2014-06-27 19:59:27 -0400
Processing by MessagesController#create as JS
  Parameters: {"utf8"=>"✓", "message"=>{"content"=>"a"}, "commit"=>"Send"}
Completed 500 Internal Server Error in 1ms

ActiveModel::ForbiddenAttributesError (ActiveModel::ForbiddenAttributesError):
  app/controllers/messages_controller.rb:8:in `create'


  Rendered /Users/stevenspiel/.rvm/gems/ruby-2.1.0/gems/actionpack-4.0.3/lib/action_dispatch/middleware/templates/rescues/_source.erb (0.4ms)
  Rendered /Users/stevenspiel/.rvm/gems/ruby-2.1.0/gems/actionpack-4.0.3/lib/action_dispatch/middleware/templates/rescues/_trace.erb (0.9ms)
  Rendered /Users/stevenspiel/.rvm/gems/ruby-2.1.0/gems/actionpack-4.0.3/lib/action_dispatch/middleware/templates/rescues/_request_and_response.erb (0.7ms)
  Rendered /Users/stevenspiel/.rvm/gems/ruby-2.1.0/gems/actionpack-4.0.3/lib/action_dispatch/middleware/templates/rescues/diagnostics.erb within rescues/layout (9.7ms)


Started POST "/messages" for 127.0.0.1 at 2014-06-27 19:59:29 -0400
Processing by MessagesController#create as JS
  Parameters: {"utf8"=>"✓", "message"=>{"content"=>"a"}, "commit"=>"Send"}
Completed 500 Internal Server Error in 1ms

ActiveModel::ForbiddenAttributesError (ActiveModel::ForbiddenAttributesError):
  app/controllers/messages_controller.rb:8:in `create'


  Rendered /Users/stevenspiel/.rvm/gems/ruby-2.1.0/gems/actionpack-4.0.3/lib/action_dispatch/middleware/templates/rescues/_source.erb (0.4ms)
  Rendered /Users/stevenspiel/.rvm/gems/ruby-2.1.0/gems/actionpack-4.0.3/lib/action_dispatch/middleware/templates/rescues/_trace.erb (0.8ms)
  Rendered /Users/stevenspiel/.rvm/gems/ruby-2.1.0/gems/actionpack-4.0.3/lib/action_dispatch/middleware/templates/rescues/_request_and_response.erb (0.7ms)
  Rendered /Users/stevenspiel/.rvm/gems/ruby-2.1.0/gems/actionpack-4.0.3/lib/action_dispatch/middleware/templates/rescues/diagnostics.erb within rescues/layout (9.9ms)


Started POST "/messages" for 127.0.0.1 at 2014-06-27 19:59:30 -0400
Processing by MessagesController#create as JS
  Parameters: {"utf8"=>"✓", "message"=>{"content"=>"a"}, "commit"=>"Send"}
Completed 500 Internal Server Error in 1ms

ActiveModel::ForbiddenAttributesError (ActiveModel::ForbiddenAttributesError):
  app/controllers/messages_controller.rb:8:in `create'


  Rendered /Users/stevenspiel/.rvm/gems/ruby-2.1.0/gems/actionpack-4.0.3/lib/action_dispatch/middleware/templates/rescues/_source.erb (0.6ms)
  Rendered /Users/stevenspiel/.rvm/gems/ruby-2.1.0/gems/actionpack-4.0.3/lib/action_dispatch/middleware/templates/rescues/_trace.erb (0.8ms)
  Rendered /Users/stevenspiel/.rvm/gems/ruby-2.1.0/gems/actionpack-4.0.3/lib/action_dispatch/middleware/templates/rescues/_request_and_response.erb (0.7ms)
  Rendered /Users/stevenspiel/.rvm/gems/ruby-2.1.0/gems/actionpack-4.0.3/lib/action_dispatch/middleware/templates/rescues/diagnostics.erb within rescues/layout (10.2ms)


Started GET "/" for 127.0.0.1 at 2014-06-27 19:59:36 -0400
Processing by MessagesController#index as HTML
  [1m[36mMessage Load (0.1ms)[0m  [1mSELECT "messages".* FROM "messages"[0m
  Rendered collection (0.0ms)
  Rendered messages/index.html.erb within layouts/application (1.3ms)
Completed 200 OK in 9ms (Views: 8.1ms | ActiveRecord: 0.1ms)


Started GET "/assets/application.css?body=1" for 127.0.0.1 at 2014-06-27 19:59:36 -0400


Started GET "/assets/messages.scss.css?body=1" for 127.0.0.1 at 2014-06-27 19:59:36 -0400


Started GET "/assets/jquery.js?body=1" for 127.0.0.1 at 2014-06-27 19:59:36 -0400


Started GET "/assets/jquery_ujs.js?body=1" for 127.0.0.1 at 2014-06-27 19:59:36 -0400


Started GET "/assets/private_pub.js?body=1" for 127.0.0.1 at 2014-06-27 19:59:36 -0400


Started GET "/assets/turbolinks.js?body=1" for 127.0.0.1 at 2014-06-27 19:59:36 -0400


Started GET "/assets/messages.js?body=1" for 127.0.0.1 at 2014-06-27 19:59:36 -0400


Started GET "/assets/application.js?body=1" for 127.0.0.1 at 2014-06-27 19:59:36 -0400


Started GET "/" for 127.0.0.1 at 2014-06-27 20:00:03 -0400
Processing by MessagesController#index as HTML
  [1m[35mMessage Load (0.1ms)[0m  SELECT "messages".* FROM "messages"
  Rendered collection (0.0ms)
  Rendered messages/index.html.erb within layouts/application (1.3ms)
Completed 200 OK in 4ms (Views: 3.9ms | ActiveRecord: 0.1ms)


Started GET "/assets/application.css?body=1" for 127.0.0.1 at 2014-06-27 20:00:03 -0400


Started GET "/assets/jquery.js?body=1" for 127.0.0.1 at 2014-06-27 20:00:03 -0400


Started GET "/assets/jquery_ujs.js?body=1" for 127.0.0.1 at 2014-06-27 20:00:03 -0400


Started GET "/assets/messages.scss.css?body=1" for 127.0.0.1 at 2014-06-27 20:00:03 -0400


Started GET "/assets/private_pub.js?body=1" for 127.0.0.1 at 2014-06-27 20:00:03 -0400


Started GET "/assets/turbolinks.js?body=1" for 127.0.0.1 at 2014-06-27 20:00:03 -0400


Started GET "/assets/messages.js?body=1" for 127.0.0.1 at 2014-06-27 20:00:03 -0400


Started GET "/assets/application.js?body=1" for 127.0.0.1 at 2014-06-27 20:00:03 -0400


Started POST "/messages" for 127.0.0.1 at 2014-06-27 20:00:09 -0400
Processing by MessagesController#create as JS
  Parameters: {"utf8"=>"✓", "message"=>{"content"=>"a note"}, "commit"=>"Send"}
Completed 500 Internal Server Error in 0ms

ActiveModel::ForbiddenAttributesError (ActiveModel::ForbiddenAttributesError):
  app/controllers/messages_controller.rb:8:in `create'


  Rendered /Users/stevenspiel/.rvm/gems/ruby-2.1.0/gems/actionpack-4.0.3/lib/action_dispatch/middleware/templates/rescues/_source.erb (0.5ms)
  Rendered /Users/stevenspiel/.rvm/gems/ruby-2.1.0/gems/actionpack-4.0.3/lib/action_dispatch/middleware/templates/rescues/_trace.erb (0.9ms)
  Rendered /Users/stevenspiel/.rvm/gems/ruby-2.1.0/gems/actionpack-4.0.3/lib/action_dispatch/middleware/templates/rescues/_request_and_response.erb (0.7ms)
  Rendered /Users/stevenspiel/.rvm/gems/ruby-2.1.0/gems/actionpack-4.0.3/lib/action_dispatch/middleware/templates/rescues/diagnostics.erb within rescues/layout (9.9ms)


Started POST "/messages" for 127.0.0.1 at 2014-06-27 20:00:33 -0400
Processing by MessagesController#create as JS
  Parameters: {"utf8"=>"✓", "message"=>{"content"=>"a note"}, "commit"=>"Send"}
Completed 500 Internal Server Error in 220583ms

ActiveModel::ForbiddenAttributesError (ActiveModel::ForbiddenAttributesError):
  app/controllers/messages_controller.rb:9:in `create'


  Rendered /Users/stevenspiel/.rvm/gems/ruby-2.1.0/gems/actionpack-4.0.3/lib/action_dispatch/middleware/templates/rescues/_source.erb (0.4ms)
  Rendered /Users/stevenspiel/.rvm/gems/ruby-2.1.0/gems/actionpack-4.0.3/lib/action_dispatch/middleware/templates/rescues/_trace.erb (0.7ms)
  Rendered /Users/stevenspiel/.rvm/gems/ruby-2.1.0/gems/actionpack-4.0.3/lib/action_dispatch/middleware/templates/rescues/_request_and_response.erb (0.6ms)
  Rendered /Users/stevenspiel/.rvm/gems/ruby-2.1.0/gems/actionpack-4.0.3/lib/action_dispatch/middleware/templates/rescues/diagnostics.erb within rescues/layout (9.3ms)


Started GET "/" for 127.0.0.1 at 2014-06-27 20:04:24 -0400
Processing by MessagesController#index as HTML
  [1m[36mMessage Load (0.2ms)[0m  [1mSELECT "messages".* FROM "messages"[0m
  Rendered collection (0.0ms)
  Rendered messages/index.html.erb within layouts/application (3.9ms)
Completed 200 OK in 8ms (Views: 6.3ms | ActiveRecord: 0.4ms)


Started GET "/assets/application.css?body=1" for 127.0.0.1 at 2014-06-27 20:04:24 -0400


Started GET "/assets/messages.scss.css?body=1" for 127.0.0.1 at 2014-06-27 20:04:24 -0400


Started GET "/assets/jquery_ujs.js?body=1" for 127.0.0.1 at 2014-06-27 20:04:24 -0400


Started GET "/assets/jquery.js?body=1" for 127.0.0.1 at 2014-06-27 20:04:24 -0400


Started GET "/assets/private_pub.js?body=1" for 127.0.0.1 at 2014-06-27 20:04:24 -0400


Started GET "/assets/turbolinks.js?body=1" for 127.0.0.1 at 2014-06-27 20:04:24 -0400


Started GET "/assets/messages.js?body=1" for 127.0.0.1 at 2014-06-27 20:04:24 -0400


Started GET "/assets/application.js?body=1" for 127.0.0.1 at 2014-06-27 20:04:24 -0400


Started POST "/messages" for 127.0.0.1 at 2014-06-27 20:04:29 -0400
Processing by MessagesController#create as JS
  Parameters: {"utf8"=>"✓", "message"=>{"content"=>"asdfasdf"}, "commit"=>"Send"}
Completed 500 Internal Server Error in 1ms

ActiveModel::ForbiddenAttributesError (ActiveModel::ForbiddenAttributesError):
  app/controllers/messages_controller.rb:8:in `create'


  Rendered /Users/stevenspiel/.rvm/gems/ruby-2.1.0/gems/actionpack-4.0.3/lib/action_dispatch/middleware/templates/rescues/_source.erb (0.5ms)
  Rendered /Users/stevenspiel/.rvm/gems/ruby-2.1.0/gems/actionpack-4.0.3/lib/action_dispatch/middleware/templates/rescues/_trace.erb (0.9ms)
  Rendered /Users/stevenspiel/.rvm/gems/ruby-2.1.0/gems/actionpack-4.0.3/lib/action_dispatch/middleware/templates/rescues/_request_and_response.erb (0.8ms)
  Rendered /Users/stevenspiel/.rvm/gems/ruby-2.1.0/gems/actionpack-4.0.3/lib/action_dispatch/middleware/templates/rescues/diagnostics.erb within rescues/layout (10.8ms)


Started POST "/messages" for 127.0.0.1 at 2014-06-27 20:04:51 -0400
Processing by MessagesController#create as JS
  Parameters: {"utf8"=>"✓", "message"=>{"content"=>"asdfasdf"}, "commit"=>"Send"}
Completed 500 Internal Server Error in 2ms

ActiveModel::ForbiddenAttributesError (ActiveModel::ForbiddenAttributesError):
  app/controllers/messages_controller.rb:8:in `create'


  Rendered /Users/stevenspiel/.rvm/gems/ruby-2.1.0/gems/actionpack-4.0.3/lib/action_dispatch/middleware/templates/rescues/_source.erb (0.5ms)
  Rendered /Users/stevenspiel/.rvm/gems/ruby-2.1.0/gems/actionpack-4.0.3/lib/action_dispatch/middleware/templates/rescues/_trace.erb (0.8ms)
  Rendered /Users/stevenspiel/.rvm/gems/ruby-2.1.0/gems/actionpack-4.0.3/lib/action_dispatch/middleware/templates/rescues/_request_and_response.erb (0.6ms)
  Rendered /Users/stevenspiel/.rvm/gems/ruby-2.1.0/gems/actionpack-4.0.3/lib/action_dispatch/middleware/templates/rescues/diagnostics.erb within rescues/layout (9.7ms)


Started GET "/" for 127.0.0.1 at 2014-06-27 20:06:31 -0400
  [1m[36mActiveRecord::SchemaMigration Load (0.1ms)[0m  [1mSELECT "schema_migrations".* FROM "schema_migrations"[0m
Processing by MessagesController#index as HTML
  [1m[35mMessage Load (0.2ms)[0m  SELECT "messages".* FROM "messages"
  Rendered collection (0.0ms)
  Rendered messages/index.html.erb within layouts/application (8.9ms)
Completed 200 OK in 46ms (Views: 31.7ms | ActiveRecord: 0.3ms)


Started GET "/assets/application.css?body=1" for 127.0.0.1 at 2014-06-27 20:06:31 -0400


Started GET "/assets/messages.scss.css?body=1" for 127.0.0.1 at 2014-06-27 20:06:31 -0400


Started GET "/assets/jquery.js?body=1" for 127.0.0.1 at 2014-06-27 20:06:31 -0400


Started GET "/assets/jquery_ujs.js?body=1" for 127.0.0.1 at 2014-06-27 20:06:31 -0400


Started GET "/assets/private_pub.js?body=1" for 127.0.0.1 at 2014-06-27 20:06:31 -0400


Started GET "/assets/turbolinks.js?body=1" for 127.0.0.1 at 2014-06-27 20:06:31 -0400


Started GET "/assets/messages.js?body=1" for 127.0.0.1 at 2014-06-27 20:06:31 -0400


Started GET "/assets/application.js?body=1" for 127.0.0.1 at 2014-06-27 20:06:31 -0400


Started POST "/messages" for 127.0.0.1 at 2014-06-27 20:06:35 -0400
Processing by MessagesController#create as JS
  Parameters: {"utf8"=>"✓", "message"=>{"content"=>"new"}, "commit"=>"Send"}
Completed 500 Internal Server Error in 1ms

ActiveModel::ForbiddenAttributesError (ActiveModel::ForbiddenAttributesError):
  app/controllers/messages_controller.rb:8:in `create'


  Rendered /Users/stevenspiel/.rvm/gems/ruby-2.1.0/gems/actionpack-4.0.3/lib/action_dispatch/middleware/templates/rescues/_source.erb (0.5ms)
  Rendered /Users/stevenspiel/.rvm/gems/ruby-2.1.0/gems/actionpack-4.0.3/lib/action_dispatch/middleware/templates/rescues/_trace.erb (0.9ms)
  Rendered /Users/stevenspiel/.rvm/gems/ruby-2.1.0/gems/actionpack-4.0.3/lib/action_dispatch/middleware/templates/rescues/_request_and_response.erb (0.8ms)
  Rendered /Users/stevenspiel/.rvm/gems/ruby-2.1.0/gems/actionpack-4.0.3/lib/action_dispatch/middleware/templates/rescues/diagnostics.erb within rescues/layout (10.1ms)


Started GET "/" for 127.0.0.1 at 2014-06-27 20:07:48 -0400
Processing by MessagesController#index as HTML
  [1m[36mMessage Load (0.2ms)[0m  [1mSELECT "messages".* FROM "messages"[0m
  Rendered collection (0.0ms)
  Rendered messages/index.html.erb within layouts/application (4.0ms)
Completed 200 OK in 8ms (Views: 6.5ms | ActiveRecord: 0.4ms)


Started GET "/assets/application.css?body=1" for 127.0.0.1 at 2014-06-27 20:07:48 -0400


Started GET "/assets/messages.scss.css?body=1" for 127.0.0.1 at 2014-06-27 20:07:48 -0400


Started GET "/assets/jquery.js?body=1" for 127.0.0.1 at 2014-06-27 20:07:48 -0400


Started GET "/assets/jquery_ujs.js?body=1" for 127.0.0.1 at 2014-06-27 20:07:48 -0400


Started GET "/assets/private_pub.js?body=1" for 127.0.0.1 at 2014-06-27 20:07:48 -0400


Started GET "/assets/turbolinks.js?body=1" for 127.0.0.1 at 2014-06-27 20:07:48 -0400


Started GET "/assets/messages.js?body=1" for 127.0.0.1 at 2014-06-27 20:07:48 -0400


Started GET "/assets/application.js?body=1" for 127.0.0.1 at 2014-06-27 20:07:48 -0400


Started POST "/messages" for 127.0.0.1 at 2014-06-27 20:07:49 -0400
Processing by MessagesController#create as JS
  Parameters: {"utf8"=>"✓", "message"=>{"content"=>"new"}, "commit"=>"Send"}
  [1m[35m (0.1ms)[0m  begin transaction
  [1m[36mSQL (3.7ms)[0m  [1mINSERT INTO "messages" ("content", "created_at", "updated_at") VALUES (?, ?, ?)[0m  [["content", "new"], ["created_at", Sat, 28 Jun 2014 00:07:49 UTC +00:00], ["updated_at", Sat, 28 Jun 2014 00:07:49 UTC +00:00]]
  [1m[35m (3.6ms)[0m  commit transaction
  Rendered messages/create.js.erb (5.4ms)
Completed 500 Internal Server Error in 19ms

ActionView::Template::Error (Missing partial messages/message with {:locale=>[:en], :formats=>[:js, "application/ecmascript", "application/x-ecmascript", :html, :text, :css, :ics, :csv, :png, :jpeg, :gif, :bmp, :tiff, :mpeg, :xml, :rss, :atom, :yaml, :multipart_form, :url_encoded_form, :json, :pdf, :zip], :handlers=>[:erb, :builder, :raw, :ruby, :jbuilder, :coffee]}. Searched in:
  * "/Users/stevenspiel/sites/chatter/chatter/app/views"
):
    1: <% publish_to "/messages/new" do %>
    2:   $("#chat").append("<%= j render(@message) %>");
    3: <% end %>
    4: 
    5: $("#new_message")[0].reset();
  app/views/messages/create.js.erb:2:in `block in _app_views_messages_create_js_erb___1046335883738060197_2197499440'
  app/views/messages/create.js.erb:1:in `_app_views_messages_create_js_erb___1046335883738060197_2197499440'


  Rendered /Users/stevenspiel/.rvm/gems/ruby-2.1.0/gems/actionpack-4.0.3/lib/action_dispatch/middleware/templates/rescues/_trace.erb (0.8ms)
  Rendered /Users/stevenspiel/.rvm/gems/ruby-2.1.0/gems/actionpack-4.0.3/lib/action_dispatch/middleware/templates/rescues/_request_and_response.erb (0.7ms)
  Rendered /Users/stevenspiel/.rvm/gems/ruby-2.1.0/gems/actionpack-4.0.3/lib/action_dispatch/middleware/templates/rescues/template_error.erb within rescues/layout (7.9ms)


Started POST "/messages" for 127.0.0.1 at 2014-06-27 20:07:50 -0400
Processing by MessagesController#create as JS
  Parameters: {"utf8"=>"✓", "message"=>{"content"=>"new"}, "commit"=>"Send"}
  [1m[36m (0.1ms)[0m  [1mbegin transaction[0m
  [1m[35mSQL (0.3ms)[0m  INSERT INTO "messages" ("content", "created_at", "updated_at") VALUES (?, ?, ?)  [["content", "new"], ["created_at", Sat, 28 Jun 2014 00:07:50 UTC +00:00], ["updated_at", Sat, 28 Jun 2014 00:07:50 UTC +00:00]]
  [1m[36m (0.6ms)[0m  [1mcommit transaction[0m
  Rendered messages/create.js.erb (4.1ms)
Completed 500 Internal Server Error in 9ms

ActionView::Template::Error (Missing partial messages/message with {:locale=>[:en], :formats=>[:js, "application/ecmascript", "application/x-ecmascript", :html, :text, :css, :ics, :csv, :png, :jpeg, :gif, :bmp, :tiff, :mpeg, :xml, :rss, :atom, :yaml, :multipart_form, :url_encoded_form, :json, :pdf, :zip], :handlers=>[:erb, :builder, :raw, :ruby, :jbuilder, :coffee]}. Searched in:
  * "/Users/stevenspiel/sites/chatter/chatter/app/views"
):
    1: <% publish_to "/messages/new" do %>
    2:   $("#chat").append("<%= j render(@message) %>");
    3: <% end %>
    4: 
    5: $("#new_message")[0].reset();
  app/views/messages/create.js.erb:2:in `block in _app_views_messages_create_js_erb___1046335883738060197_2197499440'
  app/views/messages/create.js.erb:1:in `_app_views_messages_create_js_erb___1046335883738060197_2197499440'


  Rendered /Users/stevenspiel/.rvm/gems/ruby-2.1.0/gems/actionpack-4.0.3/lib/action_dispatch/middleware/templates/rescues/_trace.erb (0.9ms)
  Rendered /Users/stevenspiel/.rvm/gems/ruby-2.1.0/gems/actionpack-4.0.3/lib/action_dispatch/middleware/templates/rescues/_request_and_response.erb (0.7ms)
  Rendered /Users/stevenspiel/.rvm/gems/ruby-2.1.0/gems/actionpack-4.0.3/lib/action_dispatch/middleware/templates/rescues/template_error.erb within rescues/layout (8.0ms)


Started POST "/messages" for 127.0.0.1 at 2014-06-27 20:07:50 -0400
Processing by MessagesController#create as JS
  Parameters: {"utf8"=>"✓", "message"=>{"content"=>"new"}, "commit"=>"Send"}
  [1m[35m (0.1ms)[0m  begin transaction
  [1m[36mSQL (0.2ms)[0m  [1mINSERT INTO "messages" ("content", "created_at", "updated_at") VALUES (?, ?, ?)[0m  [["content", "new"], ["created_at", Sat, 28 Jun 2014 00:07:50 UTC +00:00], ["updated_at", Sat, 28 Jun 2014 00:07:50 UTC +00:00]]
  [1m[35m (0.6ms)[0m  commit transaction
  Rendered messages/create.js.erb (4.0ms)
Completed 500 Internal Server Error in 9ms

ActionView::Template::Error (Missing partial messages/message with {:locale=>[:en], :formats=>[:js, "application/ecmascript", "application/x-ecmascript", :html, :text, :css, :ics, :csv, :png, :jpeg, :gif, :bmp, :tiff, :mpeg, :xml, :rss, :atom, :yaml, :multipart_form, :url_encoded_form, :json, :pdf, :zip], :handlers=>[:erb, :builder, :raw, :ruby, :jbuilder, :coffee]}. Searched in:
  * "/Users/stevenspiel/sites/chatter/chatter/app/views"
):
    1: <% publish_to "/messages/new" do %>
    2:   $("#chat").append("<%= j render(@message) %>");
    3: <% end %>
    4: 
    5: $("#new_message")[0].reset();
  app/views/messages/create.js.erb:2:in `block in _app_views_messages_create_js_erb___1046335883738060197_2197499440'
  app/views/messages/create.js.erb:1:in `_app_views_messages_create_js_erb___1046335883738060197_2197499440'


  Rendered /Users/stevenspiel/.rvm/gems/ruby-2.1.0/gems/actionpack-4.0.3/lib/action_dispatch/middleware/templates/rescues/_trace.erb (1.0ms)
  Rendered /Users/stevenspiel/.rvm/gems/ruby-2.1.0/gems/actionpack-4.0.3/lib/action_dispatch/middleware/templates/rescues/_request_and_response.erb (0.8ms)
  Rendered /Users/stevenspiel/.rvm/gems/ruby-2.1.0/gems/actionpack-4.0.3/lib/action_dispatch/middleware/templates/rescues/template_error.erb within rescues/layout (7.9ms)


Started POST "/messages" for 127.0.0.1 at 2014-06-27 20:07:50 -0400
Processing by MessagesController#create as JS
  Parameters: {"utf8"=>"✓", "message"=>{"content"=>"new"}, "commit"=>"Send"}
  [1m[36m (0.1ms)[0m  [1mbegin transaction[0m
  [1m[35mSQL (0.3ms)[0m  INSERT INTO "messages" ("content", "created_at", "updated_at") VALUES (?, ?, ?)  [["content", "new"], ["created_at", Sat, 28 Jun 2014 00:07:50 UTC +00:00], ["updated_at", Sat, 28 Jun 2014 00:07:50 UTC +00:00]]
  [1m[36m (1.3ms)[0m  [1mcommit transaction[0m
  Rendered messages/create.js.erb (4.2ms)
Completed 500 Internal Server Error in 10ms

ActionView::Template::Error (Missing partial messages/message with {:locale=>[:en], :formats=>[:js, "application/ecmascript", "application/x-ecmascript", :html, :text, :css, :ics, :csv, :png, :jpeg, :gif, :bmp, :tiff, :mpeg, :xml, :rss, :atom, :yaml, :multipart_form, :url_encoded_form, :json, :pdf, :zip], :handlers=>[:erb, :builder, :raw, :ruby, :jbuilder, :coffee]}. Searched in:
  * "/Users/stevenspiel/sites/chatter/chatter/app/views"
):
    1: <% publish_to "/messages/new" do %>
    2:   $("#chat").append("<%= j render(@message) %>");
    3: <% end %>
    4: 
    5: $("#new_message")[0].reset();
  app/views/messages/create.js.erb:2:in `block in _app_views_messages_create_js_erb___1046335883738060197_2197499440'
  app/views/messages/create.js.erb:1:in `_app_views_messages_create_js_erb___1046335883738060197_2197499440'


  Rendered /Users/stevenspiel/.rvm/gems/ruby-2.1.0/gems/actionpack-4.0.3/lib/action_dispatch/middleware/templates/rescues/_trace.erb (0.9ms)
  Rendered /Users/stevenspiel/.rvm/gems/ruby-2.1.0/gems/actionpack-4.0.3/lib/action_dispatch/middleware/templates/rescues/_request_and_response.erb (0.6ms)
  Rendered /Users/stevenspiel/.rvm/gems/ruby-2.1.0/gems/actionpack-4.0.3/lib/action_dispatch/middleware/templates/rescues/template_error.erb within rescues/layout (7.5ms)


Started GET "/" for 127.0.0.1 at 2014-06-27 20:12:33 -0400
Processing by MessagesController#index as HTML
  [1m[35mMessage Load (0.2ms)[0m  SELECT "messages".* FROM "messages"
  Rendered messages/index.html.erb within layouts/application (4.1ms)
Completed 500 Internal Server Error in 7ms

ActionView::Template::Error (Missing partial messages/message with {:locale=>[:en], :formats=>[:html], :handlers=>[:erb, :builder, :raw, :ruby, :jbuilder, :coffee]}. Searched in:
  * "/Users/stevenspiel/sites/chatter/chatter/app/views"
):
    1: <h1>Chat</h1>
    2: 
    3: <ul id="chat">
    4:   <%= render @messages %>
    5: </ul>
    6: 
    7: <%= form_for Message.new, remote: true do |f| %>
  app/views/messages/index.html.erb:4:in `_app_views_messages_index_html_erb__1296874387739939818_2195056120'


  Rendered /Users/stevenspiel/.rvm/gems/ruby-2.1.0/gems/actionpack-4.0.3/lib/action_dispatch/middleware/templates/rescues/_trace.erb (1.6ms)
  Rendered /Users/stevenspiel/.rvm/gems/ruby-2.1.0/gems/actionpack-4.0.3/lib/action_dispatch/middleware/templates/rescues/_request_and_response.erb (1.0ms)
  Rendered /Users/stevenspiel/.rvm/gems/ruby-2.1.0/gems/actionpack-4.0.3/lib/action_dispatch/middleware/templates/rescues/template_error.erb within rescues/layout (10.4ms)


Started GET "/" for 127.0.0.1 at 2014-06-27 20:12:48 -0400
Processing by MessagesController#index as HTML
  [1m[36mMessage Load (0.1ms)[0m  [1mSELECT "messages".* FROM "messages"[0m
  Rendered messages/index.html.erb within layouts/application (1.4ms)
Completed 500 Internal Server Error in 3ms

ActionView::Template::Error (Missing partial messages/message with {:locale=>[:en], :formats=>[:html], :handlers=>[:erb, :builder, :raw, :ruby, :jbuilder, :coffee]}. Searched in:
  * "/Users/stevenspiel/sites/chatter/chatter/app/views"
):
    1: <h1>Chat</h1>
    2: 
    3: <ul id="chat">
    4:   <%= render @messages %>
    5: </ul>
    6: 
    7: <%= form_for Message.new, remote: true do |f| %>
  app/views/messages/index.html.erb:4:in `_app_views_messages_index_html_erb__1296874387739939818_2195056120'


  Rendered /Users/stevenspiel/.rvm/gems/ruby-2.1.0/gems/actionpack-4.0.3/lib/action_dispatch/middleware/templates/rescues/_trace.erb (0.9ms)
  Rendered /Users/stevenspiel/.rvm/gems/ruby-2.1.0/gems/actionpack-4.0.3/lib/action_dispatch/middleware/templates/rescues/_request_and_response.erb (0.7ms)
  Rendered /Users/stevenspiel/.rvm/gems/ruby-2.1.0/gems/actionpack-4.0.3/lib/action_dispatch/middleware/templates/rescues/template_error.erb within rescues/layout (7.6ms)


Started GET "/" for 127.0.0.1 at 2014-06-27 20:12:49 -0400
Processing by MessagesController#index as HTML
  [1m[35mMessage Load (0.1ms)[0m  SELECT "messages".* FROM "messages"
  Rendered messages/index.html.erb within layouts/application (1.5ms)
Completed 500 Internal Server Error in 3ms

ActionView::Template::Error (Missing partial messages/message with {:locale=>[:en], :formats=>[:html], :handlers=>[:erb, :builder, :raw, :ruby, :jbuilder, :coffee]}. Searched in:
  * "/Users/stevenspiel/sites/chatter/chatter/app/views"
):
    1: <h1>Chat</h1>
    2: 
    3: <ul id="chat">
    4:   <%= render @messages %>
    5: </ul>
    6: 
    7: <%= form_for Message.new, remote: true do |f| %>
  app/views/messages/index.html.erb:4:in `_app_views_messages_index_html_erb__1296874387739939818_2195056120'


  Rendered /Users/stevenspiel/.rvm/gems/ruby-2.1.0/gems/actionpack-4.0.3/lib/action_dispatch/middleware/templates/rescues/_trace.erb (0.9ms)
  Rendered /Users/stevenspiel/.rvm/gems/ruby-2.1.0/gems/actionpack-4.0.3/lib/action_dispatch/middleware/templates/rescues/_request_and_response.erb (0.7ms)
  Rendered /Users/stevenspiel/.rvm/gems/ruby-2.1.0/gems/actionpack-4.0.3/lib/action_dispatch/middleware/templates/rescues/template_error.erb within rescues/layout (7.7ms)


Started GET "/" for 127.0.0.1 at 2014-06-27 20:13:45 -0400
Processing by MessagesController#index as HTML
  [1m[36mMessage Load (0.2ms)[0m  [1mSELECT "messages".* FROM "messages"[0m
  Rendered messages/index.html.erb within layouts/application (3.5ms)
Completed 500 Internal Server Error in 6ms

ActionView::Template::Error (Missing partial messages/message with {:locale=>[:en], :formats=>[:html], :handlers=>[:erb, :builder, :raw, :ruby, :jbuilder, :coffee]}. Searched in:
  * "/Users/stevenspiel/sites/chatter/chatter/app/views"
):
    1: <h1>Chat</h1>
    2: 
    3: <ul id="chat">
    4:   <%= render @messages %>
    5: </ul>
    6: 
    7: <%= form_for Message.new, remote: true do |f| %>
  app/views/messages/index.html.erb:4:in `_app_views_messages_index_html_erb__1296874387739939818_2195056120'


  Rendered /Users/stevenspiel/.rvm/gems/ruby-2.1.0/gems/actionpack-4.0.3/lib/action_dispatch/middleware/templates/rescues/_trace.erb (0.9ms)
  Rendered /Users/stevenspiel/.rvm/gems/ruby-2.1.0/gems/actionpack-4.0.3/lib/action_dispatch/middleware/templates/rescues/_request_and_response.erb (0.7ms)
  Rendered /Users/stevenspiel/.rvm/gems/ruby-2.1.0/gems/actionpack-4.0.3/lib/action_dispatch/middleware/templates/rescues/template_error.erb within rescues/layout (7.4ms)


Started GET "/" for 127.0.0.1 at 2014-06-27 20:14:12 -0400
Processing by MessagesController#index as HTML
  [1m[35mMessage Load (0.2ms)[0m  SELECT "messages".* FROM "messages"
  Rendered messages/_message.html.erb (0.7ms)
  Rendered messages/index.html.erb within layouts/application (5.6ms)
Completed 200 OK in 10ms (Views: 8.2ms | ActiveRecord: 0.4ms)


Started GET "/assets/application.css?body=1" for 127.0.0.1 at 2014-06-27 20:14:12 -0400


Started GET "/assets/messages.scss.css?body=1" for 127.0.0.1 at 2014-06-27 20:14:12 -0400


Started GET "/assets/jquery.js?body=1" for 127.0.0.1 at 2014-06-27 20:14:12 -0400


Started GET "/assets/jquery_ujs.js?body=1" for 127.0.0.1 at 2014-06-27 20:14:12 -0400


Started GET "/assets/private_pub.js?body=1" for 127.0.0.1 at 2014-06-27 20:14:12 -0400


Started GET "/assets/turbolinks.js?body=1" for 127.0.0.1 at 2014-06-27 20:14:12 -0400


Started GET "/assets/messages.js?body=1" for 127.0.0.1 at 2014-06-27 20:14:12 -0400


Started GET "/assets/application.js?body=1" for 127.0.0.1 at 2014-06-27 20:14:12 -0400


Started POST "/messages" for 127.0.0.1 at 2014-06-27 20:14:16 -0400
Processing by MessagesController#create as JS
  Parameters: {"utf8"=>"✓", "message"=>{"content"=>"cool"}, "commit"=>"Send"}
  [1m[36m (0.1ms)[0m  [1mbegin transaction[0m
  [1m[35mSQL (0.3ms)[0m  INSERT INTO "messages" ("content", "created_at", "updated_at") VALUES (?, ?, ?)  [["content", "cool"], ["created_at", Sat, 28 Jun 2014 00:14:16 UTC +00:00], ["updated_at", Sat, 28 Jun 2014 00:14:16 UTC +00:00]]
  [1m[36m (0.5ms)[0m  [1mcommit transaction[0m
  Rendered messages/_message.html.erb (0.5ms)
  Rendered messages/create.js.erb (5.7ms)
Completed 200 OK in 17ms (Views: 9.3ms | ActiveRecord: 0.9ms)


Started GET "/" for 127.0.0.1 at 2014-06-27 20:14:19 -0400
Processing by MessagesController#index as HTML
  [1m[35mMessage Load (0.1ms)[0m  SELECT "messages".* FROM "messages"
  Rendered messages/_message.html.erb (0.5ms)
  Rendered messages/index.html.erb within layouts/application (2.2ms)
Completed 200 OK in 6ms (Views: 5.1ms | ActiveRecord: 0.1ms)


Started GET "/assets/application.css?body=1" for 127.0.0.1 at 2014-06-27 20:14:19 -0400


Started GET "/assets/jquery.js?body=1" for 127.0.0.1 at 2014-06-27 20:14:19 -0400


Started GET "/assets/jquery_ujs.js?body=1" for 127.0.0.1 at 2014-06-27 20:14:19 -0400


Started GET "/assets/messages.scss.css?body=1" for 127.0.0.1 at 2014-06-27 20:14:19 -0400


Started GET "/assets/private_pub.js?body=1" for 127.0.0.1 at 2014-06-27 20:14:19 -0400


Started GET "/assets/turbolinks.js?body=1" for 127.0.0.1 at 2014-06-27 20:14:19 -0400


Started GET "/assets/messages.js?body=1" for 127.0.0.1 at 2014-06-27 20:14:19 -0400


Started GET "/assets/application.js?body=1" for 127.0.0.1 at 2014-06-27 20:14:19 -0400


Started GET "/" for 127.0.0.1 at 2014-06-27 20:18:00 -0400
Processing by MessagesController#index as HTML
  [1m[36mMessage Load (0.1ms)[0m  [1mSELECT "messages".* FROM "messages"[0m
  Rendered messages/_message.html.erb (0.4ms)
  Rendered messages/index.html.erb within layouts/application (2.0ms)
Completed 200 OK in 6ms (Views: 5.7ms | ActiveRecord: 0.1ms)


Started GET "/assets/application.css?body=1" for 127.0.0.1 at 2014-06-27 20:18:00 -0400


Started GET "/assets/messages.scss.css?body=1" for 127.0.0.1 at 2014-06-27 20:18:00 -0400


Started GET "/assets/jquery.js?body=1" for 127.0.0.1 at 2014-06-27 20:18:00 -0400


Started GET "/assets/jquery_ujs.js?body=1" for 127.0.0.1 at 2014-06-27 20:18:00 -0400


Started GET "/assets/private_pub.js?body=1" for 127.0.0.1 at 2014-06-27 20:18:00 -0400


Started GET "/assets/turbolinks.js?body=1" for 127.0.0.1 at 2014-06-27 20:18:00 -0400


Started GET "/assets/messages.js?body=1" for 127.0.0.1 at 2014-06-27 20:18:00 -0400


Started GET "/assets/application.js?body=1" for 127.0.0.1 at 2014-06-27 20:18:00 -0400


Started GET "/" for 127.0.0.1 at 2014-06-27 20:18:03 -0400
Processing by MessagesController#index as HTML
  [1m[35mMessage Load (0.1ms)[0m  SELECT "messages".* FROM "messages"
  Rendered messages/_message.html.erb (0.4ms)
  Rendered messages/index.html.erb within layouts/application (2.2ms)
Completed 200 OK in 6ms (Views: 5.1ms | ActiveRecord: 0.1ms)


Started GET "/assets/application.css?body=1" for 127.0.0.1 at 2014-06-27 20:18:03 -0400


Started GET "/assets/messages.scss.css?body=1" for 127.0.0.1 at 2014-06-27 20:18:03 -0400


Started GET "/assets/jquery.js?body=1" for 127.0.0.1 at 2014-06-27 20:18:03 -0400


Started GET "/assets/jquery_ujs.js?body=1" for 127.0.0.1 at 2014-06-27 20:18:03 -0400


Started GET "/assets/private_pub.js?body=1" for 127.0.0.1 at 2014-06-27 20:18:03 -0400


Started GET "/assets/turbolinks.js?body=1" for 127.0.0.1 at 2014-06-27 20:18:03 -0400


Started GET "/assets/messages.js?body=1" for 127.0.0.1 at 2014-06-27 20:18:03 -0400


Started GET "/assets/application.js?body=1" for 127.0.0.1 at 2014-06-27 20:18:03 -0400


Started GET "/" for 127.0.0.1 at 2014-06-27 20:18:05 -0400
Processing by MessagesController#index as HTML
  [1m[36mMessage Load (0.1ms)[0m  [1mSELECT "messages".* FROM "messages"[0m
  Rendered messages/_message.html.erb (0.4ms)
  Rendered messages/index.html.erb within layouts/application (2.0ms)
Completed 200 OK in 5ms (Views: 4.8ms | ActiveRecord: 0.1ms)


Started GET "/assets/application.css?body=1" for 127.0.0.1 at 2014-06-27 20:18:05 -0400


Started GET "/assets/messages.scss.css?body=1" for 127.0.0.1 at 2014-06-27 20:18:05 -0400


Started GET "/assets/jquery.js?body=1" for 127.0.0.1 at 2014-06-27 20:18:05 -0400


Started GET "/assets/jquery_ujs.js?body=1" for 127.0.0.1 at 2014-06-27 20:18:05 -0400


Started GET "/assets/private_pub.js?body=1" for 127.0.0.1 at 2014-06-27 20:18:05 -0400


Started GET "/assets/turbolinks.js?body=1" for 127.0.0.1 at 2014-06-27 20:18:05 -0400


Started GET "/assets/messages.js?body=1" for 127.0.0.1 at 2014-06-27 20:18:05 -0400


Started GET "/assets/application.js?body=1" for 127.0.0.1 at 2014-06-27 20:18:05 -0400


Started GET "/" for 127.0.0.1 at 2014-06-27 20:18:38 -0400
  [1m[36mActiveRecord::SchemaMigration Load (0.1ms)[0m  [1mSELECT "schema_migrations".* FROM "schema_migrations"[0m
Processing by MessagesController#index as HTML
  [1m[35mMessage Load (0.1ms)[0m  SELECT "messages".* FROM "messages"
  Rendered messages/_message.html.erb (2.3ms)
  Rendered messages/index.html.erb within layouts/application (12.6ms)
Completed 200 OK in 59ms (Views: 44.9ms | ActiveRecord: 0.3ms)


Started GET "/assets/application.css?body=1" for 127.0.0.1 at 2014-06-27 20:18:39 -0400


Started GET "/assets/messages.scss.css?body=1" for 127.0.0.1 at 2014-06-27 20:18:39 -0400


Started GET "/assets/jquery.js?body=1" for 127.0.0.1 at 2014-06-27 20:18:39 -0400


Started GET "/assets/jquery_ujs.js?body=1" for 127.0.0.1 at 2014-06-27 20:18:39 -0400


Started GET "/assets/private_pub.js?body=1" for 127.0.0.1 at 2014-06-27 20:18:39 -0400


Started GET "/assets/turbolinks.js?body=1" for 127.0.0.1 at 2014-06-27 20:18:39 -0400


Started GET "/assets/messages.js?body=1" for 127.0.0.1 at 2014-06-27 20:18:39 -0400


Started GET "/assets/application.js?body=1" for 127.0.0.1 at 2014-06-27 20:18:39 -0400


Started GET "/" for 127.0.0.1 at 2014-06-27 20:34:21 -0400
  [1m[36mActiveRecord::SchemaMigration Load (0.1ms)[0m  [1mSELECT "schema_migrations".* FROM "schema_migrations"[0m
Processing by MessagesController#index as HTML
  [1m[35mMessage Load (0.2ms)[0m  SELECT "messages".* FROM "messages"
  Rendered messages/_message.html.erb (1.9ms)
  Rendered messages/index.html.erb within layouts/application (13.3ms)
Completed 200 OK in 52ms (Views: 37.9ms | ActiveRecord: 0.3ms)


Started GET "/assets/application.css?body=1" for 127.0.0.1 at 2014-06-27 20:34:21 -0400


Started GET "/assets/messages.scss.css?body=1" for 127.0.0.1 at 2014-06-27 20:34:21 -0400


Started GET "/assets/jquery.js?body=1" for 127.0.0.1 at 2014-06-27 20:34:21 -0400


Started GET "/assets/jquery_ujs.js?body=1" for 127.0.0.1 at 2014-06-27 20:34:21 -0400


Started GET "/assets/private_pub.js?body=1" for 127.0.0.1 at 2014-06-27 20:34:21 -0400


Started GET "/assets/turbolinks.js?body=1" for 127.0.0.1 at 2014-06-27 20:34:21 -0400


Started GET "/assets/messages.js?body=1" for 127.0.0.1 at 2014-06-27 20:34:21 -0400


Started GET "/assets/application.js?body=1" for 127.0.0.1 at 2014-06-27 20:34:21 -0400


Started GET "/" for 127.0.0.1 at 2014-06-27 20:34:29 -0400
Processing by MessagesController#index as HTML
  [1m[36mMessage Load (0.1ms)[0m  [1mSELECT "messages".* FROM "messages"[0m
  Rendered messages/_message.html.erb (0.4ms)
  Rendered messages/index.html.erb within layouts/application (2.3ms)
Completed 200 OK in 6ms (Views: 5.6ms | ActiveRecord: 0.1ms)


Started GET "/assets/application.css?body=1" for 127.0.0.1 at 2014-06-27 20:34:29 -0400


Started GET "/assets/messages.scss.css?body=1" for 127.0.0.1 at 2014-06-27 20:34:29 -0400


Started GET "/assets/jquery_ujs.js?body=1" for 127.0.0.1 at 2014-06-27 20:34:29 -0400


Started GET "/assets/private_pub.js?body=1" for 127.0.0.1 at 2014-06-27 20:34:29 -0400


Started GET "/assets/jquery.js?body=1" for 127.0.0.1 at 2014-06-27 20:34:29 -0400


Started GET "/assets/turbolinks.js?body=1" for 127.0.0.1 at 2014-06-27 20:34:29 -0400


Started GET "/assets/messages.js?body=1" for 127.0.0.1 at 2014-06-27 20:34:29 -0400


Started GET "/assets/application.js?body=1" for 127.0.0.1 at 2014-06-27 20:34:29 -0400
